<?xml version="1.0" encoding="UTF-8"?>
<!-- Generated by org.testng.reporters.JUnitReportReporter -->
<testsuite hostname="DESKTOP-AB6BR8M" failures="0" tests="1" name="com.ShoppersStack_TestScripts.Verify_user_is_able_to_delete_address_Test" time="22.964" errors="0" timestamp="2024-05-05T10:37:03 IST" skipped="0">
  <testcase classname="com.ShoppersStack_TestScripts.Verify_user_is_able_to_delete_address_Test" name="deleteAddress" time="22.964"/>
</testsuite> <!-- com.ShoppersStack_TestScripts.Verify_user_is_able_to_delete_address_Test -->
