<?xml version="1.0" encoding="UTF-8"?>
<!-- Generated by org.testng.reporters.JUnitReportReporter -->
<testsuite hostname="DESKTOP-AB6BR8M" failures="0" tests="1" name="com.ShoppersStack_TestScripts.Verify_User_is_able_to_add_address_Test" time="18.552" errors="0" timestamp="2024-05-05T10:37:03 IST" skipped="0">
  <testcase classname="com.ShoppersStack_TestScripts.Verify_User_is_able_to_add_address_Test" name="addAddress" time="18.552"/>
</testsuite> <!-- com.ShoppersStack_TestScripts.Verify_User_is_able_to_add_address_Test -->
